*****verify the result as expected *****
*****finish tstcase *****
[TestNG] Time taken by org.testng.reporters.jq.Main@1b7cae6f: 167 ms
[TestNG] Time taken by org.testng.reporters.FailedReporter@21f8e55f: 1 ms
[TestNG] Time taken by org.testng.reporters.XMLReporter@34cf294c: 19 ms
[TestNG] Time taken by org.testng.reporters.EmailableReporter2@3ae2ed38: 15 ms
[TestNG] Time taken by org.testng.reporters.JUnitReportReporter@c808207: 15 ms
[TestNG] Time taken by org.testng.internal.ExitCodeListener@77134e08: 1 ms
16:27:43.666 [main] DEBUG org.testng.TestNG - suiteXmlPath: "C:\Users\Madane\AppData\Local\Temp\testng-eclipse--755780774\testng-customsuite.xml"
16:27:44.172 [main] INFO  org.testng.internal.Utils - [Utils] MethodGroupsHelper.collectMethodsByGroup() took 0 ms.
16:27:44.182 [main] INFO  org.testng.internal.Utils - [Utils] MethodGroupsHelper.sortMethods() took 4 ms.
16:27:44.189 [main] INFO  org.testng.internal.Utils - [Utils] MethodGroupsHelper.collectMethodsByGroup() took 0 ms.
16:27:44.189 [main] INFO  org.testng.internal.Utils - [Utils] MethodGroupsHelper.sortMethods() took 0 ms.
16:27:44.191 [main] INFO  org.testng.internal.Utils - [Utils] MethodGroupsHelper.collectMethodsByGroup() took 0 ms.
16:27:44.193 [main] INFO  org.testng.internal.Utils - [Utils] MethodGroupsHelper.sortMethods() took 0 ms.
16:27:44.195 [main] INFO  org.testng.internal.Utils - [Utils] MethodGroupsHelper.collectMethodsByGroup() took 0 ms.
16:27:44.196 [main] INFO  org.testng.internal.Utils - [Utils] MethodGroupsHelper.sortMethods() took 0 ms.
16:27:44.212 [main] INFO  org.testng.internal.Utils - [Utils] MethodGroupsHelper.collectMethodsByGroup() took 11 ms.
16:27:44.238 [main] INFO  org.testng.internal.Utils - [Utils] MethodGroupsHelper.sortMethods() took 25 ms.
16:27:44.242 [main] INFO  org.testng.internal.Utils - [Utils] MethodGroupsHelper.collectMethodsByGroup() took 1 ms.
16:27:44.244 [main] INFO  org.testng.internal.Utils - [Utils] MethodGroupsHelper.sortMethods() took 1 ms.
16:27:44.248 [main] INFO  org.testng.internal.Utils - [Utils] MethodGroupsHelper.collectMethodsByGroup() took 0 ms.
16:27:44.248 [main] INFO  org.testng.internal.Utils - [Utils] MethodGroupsHelper.sortMethods() took 0 ms.
16:27:44.250 [main] INFO  org.testng.internal.Utils - [Utils] MethodGroupsHelper.collectMethodsByGroup() took 0 ms.
16:27:44.251 [main] INFO  org.testng.internal.Utils - [Utils] MethodGroupsHelper.sortMethods() took 0 ms.
16:27:44.257 [main] INFO  org.testng.internal.Utils - [Utils] MethodGroupsHelper.collectMethodsByGroup() took 0 ms.
16:27:44.258 [main] INFO  org.testng.internal.Utils - [Utils] MethodGroupsHelper.sortMethods() took 0 ms.
16:27:44.260 [main] INFO  org.testng.internal.Utils - [Utils] MethodGroupsHelper.collectMethodsByGroup() took 0 ms.
16:27:44.261 [main] INFO  org.testng.internal.Utils - [Utils] MethodGroupsHelper.sortMethods() took 0 ms.
16:27:44.267 [main] INFO  org.testng.internal.Utils - [Utils] MethodGroupsHelper.collectMethodsByGroup() took 0 ms.
16:27:44.267 [main] INFO  org.testng.internal.Utils - [Utils] MethodGroupsHelper.sortMethods() took 0 ms.
16:27:44.267 [main] INFO  org.testng.internal.Utils - [Utils] MethodGroupsHelper.collectMethodsByGroup() took 0 ms.
16:27:44.267 [main] INFO  org.testng.internal.Utils - [Utils] MethodGroupsHelper.sortMethods() took 0 ms.
16:27:44.271 [main] INFO  org.testng.internal.Utils - [Utils] MethodGroupsHelper.collectMethodsByGroup() took 1 ms.
16:27:44.283 [main] INFO  org.testng.internal.Utils - [Utils] MethodGroupsHelper.sortMethods() took 12 ms.
16:27:44.288 [main] INFO  org.testng.internal.Utils - [Utils] MethodGroupsHelper.collectMethodsByGroup() took 0 ms.
16:27:44.289 [main] INFO  org.testng.internal.Utils - [Utils] MethodGroupsHelper.sortMethods() took 0 ms.
16:27:44.289 [main] INFO  org.testng.internal.Utils - [Utils] MethodGroupsHelper.collectMethodsByGroup() took 0 ms.
16:27:44.289 [main] INFO  org.testng.internal.Utils - [Utils] MethodGroupsHelper.sortMethods() took 0 ms.
16:27:44.314 [main] INFO  org.testng.internal.Utils - [TestNG] Running:
  C:\Users\Madane\AppData\Local\Temp\testng-eclipse--755780774\testng-customsuite.xml

16:27:44.365 [main] INFO  org.testng.internal.Utils - [Utils] DynamicGraphHelper.createDynamicGraph() took 12 ms.
16:28:10.987 [main] INFO  testCases.TC_001oginToApplication - *****starting test case*****
16:28:12.178 [main] INFO  testCases.TC_001oginToApplication - *****click login*****
16:28:15.200 [main] INFO  testCases.TC_001oginToApplication - *****verify the result as expected *****
16:28:16.276 [main] INFO  testCases.TC_001oginToApplication - *****finish tstcase *****
16:28:16.752 [main] INFO  org.testng.internal.Utils - [TestNG] Time taken by org.testng.reporters.jq.Main@64a4dd8d: 175 ms
16:28:16.754 [main] INFO  org.testng.internal.Utils - [TestNG] Time taken by org.testng.reporters.FailedReporter@2dddc1b9: 1 ms
16:28:16.771 [main] INFO  org.testng.internal.Utils - [TestNG] Time taken by org.testng.reporters.XMLReporter@2bef09c0: 16 ms
16:28:16.786 [main] INFO  org.testng.internal.Utils - [TestNG] Time taken by org.testng.reporters.EmailableReporter2@2f04105: 13 ms
16:28:16.799 [main] INFO  org.testng.internal.Utils - [TestNG] Time taken by org.testng.reporters.JUnitReportReporter@15f2eda3: 12 ms
16:28:16.799 [main] INFO  org.testng.internal.Utils - [TestNG] Time taken by org.testng.internal.ExitCodeListener@34cf294c: 0 ms
